<?xml version="1.0" encoding="UTF-8"?>
<!-- Generated by org.testng.reporters.JUnitReportReporter -->
<testsuite hostname="yuzgdeMacBook-Pro.local" failures="0" tests="2" name="com.yiibai7.TestDatabase" time="0.000" errors="0" timestamp="17 Oct 2020 08:26:31 GMT">
  <testcase classname="com.yiibai7.TestDatabase" name="initDB" time="0.000"/>
  <testcase classname="com.yiibai7.TestDatabase" name="testConnection" time="0.000"/>
</testsuite> <!-- com.yiibai7.TestDatabase -->
