<?xml version="1.0" encoding="UTF-8"?>
<!-- Generated by org.testng.reporters.JUnitReportReporter -->
<testsuite hostname="yuzgdeMacBook-Pro.local" failures="0" tests="4" name="com.yiibai6.TestDatabase" time="0.003" errors="0" timestamp="17 Oct 2020 08:05:46 GMT">
  <testcase classname="com.yiibai6.TestDatabase" name="testConnectOracle" time="0.001"/>
  <testcase classname="com.yiibai6.TestDatabase" name="testConnectMySQL" time="0.001"/>
  <testcase classname="com.yiibai6.TestDatabase" name="testConnectMongoDB" time="0.001"/>
  <testcase classname="com.yiibai6.TestDatabase" name="testConnectMsSQL" time="0.000"/>
</testsuite> <!-- com.yiibai6.TestDatabase -->
