<?xml version="1.0" encoding="UTF-8"?>
<!-- Generated by org.testng.reporters.JUnitReportReporter -->
<testsuite hostname="yuzgdeMacBook-Pro.local" failures="0" tests="1" name="com.yiibai8.TestParameterXML" time="0.459" errors="0" timestamp="17 Dec 2020 04:07:45 GMT" skipped="0">
  <testcase classname="com.yiibai8.TestParameterXML" name="createConnection" time="0.459"/>
</testsuite> <!-- com.yiibai8.TestParameterXML -->
