<?xml version="1.0" encoding="UTF-8"?>
<!-- Generated by org.testng.reporters.JUnitReportReporter -->
<testsuite hostname="yuzgdeMacBook-Pro.local" failures="0" tests="2" name="com.yiibai.NewTest" time="0.005" errors="0" timestamp="17 Oct 2020 06:08:53 GMT">
  <testcase classname="com.yiibai.NewTest" name="f" time="0.001"/>
  <testcase classname="com.yiibai.NewTest" name="f" time="0.004"/>
</testsuite> <!-- com.yiibai.NewTest -->
