<?xml version="1.0" encoding="UTF-8"?>
<!-- Generated by org.testng.reporters.JUnitReportReporter -->
<testsuite hostname="yuzgdeMacBook-Pro.local" failures="0" tests="1" name="com.yiibai2.TestRuntime" time="0.017" errors="0" timestamp="7 Dec 2020 02:23:19 GMT">
  <testcase classname="com.yiibai2.TestRuntime" name="divisionWithException" time="0.017"/>
</testsuite> <!-- com.yiibai2.TestRuntime -->
