<?xml version="1.0" encoding="UTF-8"?>
<!-- Generated by org.testng.reporters.JUnitReportReporter -->
<testsuite hostname="yuzgdeMacBook-Pro.local" failures="0" tests="1" name="com.yiibai81.TestParameterDataProvider2" time="0.007" errors="0" timestamp="7 Dec 2020 03:59:29 GMT">
  <testcase classname="com.yiibai81.TestParameterDataProvider2" name="testConnection" time="0.007"/>
</testsuite> <!-- com.yiibai81.TestParameterDataProvider2 -->
