<?xml version="1.0" encoding="UTF-8"?>
<!-- Generated by org.testng.reporters.JUnitReportReporter -->
<testsuite hostname="yuzgdeMacBook-Pro.local" failures="0" tests="3" name="com.yiibai9.TestApi" time="0.296" errors="0" timestamp="9 Dec 2020 02:20:05 GMT" skipped="0">
  <testcase classname="com.yiibai9.TestApi" name="test2Get" time="0.071"/>
  <testcase classname="com.yiibai9.TestApi" name="test1Post" time="0.151"/>
  <testcase classname="com.yiibai9.TestApi" name="test3Fail" time="0.074"/>
</testsuite> <!-- com.yiibai9.TestApi -->
