<?xml version="1.0" encoding="UTF-8"?>
<!-- Generated by org.testng.reporters.JUnitReportReporter -->
<testsuite hostname="yuzgdeMacBook-Pro.local" failures="0" tests="2" name="com.yiibai7.TestServer" time="0.008" errors="0" timestamp="7 Dec 2020 02:42:24 GMT">
  <testcase classname="com.yiibai7.TestServer" name="deployServer" time="0.007"/>
  <testcase classname="com.yiibai7.TestServer" name="deployBackUpServer" time="0.001"/>
</testsuite> <!-- com.yiibai7.TestServer -->
