<?xml version="1.0" encoding="UTF-8"?>
<!-- Generated by org.testng.reporters.JUnitReportReporter -->
<testsuite hostname="yuzgdeMacBook-Pro.local" failures="0" tests="1" name="com.yiibai81.TestParameterDataProvider4" time="0.010" errors="0" timestamp="7 Dec 2020 05:44:03 GMT">
  <testcase classname="com.yiibai81.TestParameterDataProvider4" name="test1" time="0.010"/>
</testsuite> <!-- com.yiibai81.TestParameterDataProvider4 -->
