<?xml version="1.0" encoding="UTF-8"?>
<!-- Generated by org.testng.reporters.JUnitReportReporter -->
<testsuite hostname="yuzgdeMacBook-Pro.local" failures="0" tests="2" name="com.yiibai7.TestServer" time="0.008" errors="0" timestamp="17 Dec 2020 08:27:25 GMT" skipped="0">
  <testcase classname="com.yiibai7.TestServer" name="deployBackUpServer" time="0.001"/>
  <testcase classname="com.yiibai7.TestServer" name="deployServer" time="0.007"/>
</testsuite> <!-- com.yiibai7.TestServer -->
