<?xml version="1.0" encoding="UTF-8"?>
<!-- Generated by org.testng.reporters.JUnitReportReporter -->
<testsuite hostname="yuzgdeMacBook-Pro.local" failures="0" tests="1" name="com.yiibai.TestHelloWorld" time="0.010" errors="0" timestamp="7 Dec 2020 06:58:25 GMT">
  <testcase classname="com.yiibai.TestHelloWorld" name="testEmailGenerator" time="0.010"/>
</testsuite> <!-- com.yiibai.TestHelloWorld -->
