<?xml version="1.0" encoding="UTF-8"?>
<!-- Generated by org.testng.reporters.JUnitReportReporter -->
<testsuite hostname="yuzgdeMacBook-Pro.local" failures="0" tests="2" name="com.yiibai3.TestIgnore" time="0.008" errors="0" timestamp="17 Dec 2020 05:51:28 GMT" skipped="0">
  <testcase classname="com.yiibai3.TestIgnore" name="test2" time="0.000"/>
  <testcase classname="com.yiibai3.TestIgnore" name="test1" time="0.008"/>
</testsuite> <!-- com.yiibai3.TestIgnore -->
