<?xml version="1.0" encoding="UTF-8"?>
<!-- Generated by org.testng.reporters.JUnitReportReporter -->
<testsuite hostname="yuzgdeMacBook-Pro.local" failures="0" tests="1" name="com.yiibai2.TestRuntime" time="0.007" errors="0" timestamp="9 Dec 2020 06:51:26 GMT" skipped="0">
  <testcase classname="com.yiibai2.TestRuntime" name="divisionWithException" time="0.007"/>
</testsuite> <!-- com.yiibai2.TestRuntime -->
