<?xml version="1.0" encoding="UTF-8"?>
<!-- Generated by org.testng.reporters.JUnitReportReporter -->
<testsuite hostname="yuzgdeMacBook-Pro.local" failures="0" tests="1" name="com.yiibai81.TestParameterDataProvider2" time="0.008" errors="0" timestamp="9 Dec 2020 06:38:09 GMT" skipped="0">
  <testcase classname="com.yiibai81.TestParameterDataProvider2" name="testConnection" time="0.008"/>
</testsuite> <!-- com.yiibai81.TestParameterDataProvider2 -->
