<?xml version="1.0" encoding="UTF-8"?>
<!-- Generated by org.testng.reporters.JUnitReportReporter -->
<testsuite hostname="yuzgdeMacBook-Pro.local" failures="0" tests="1" name="com.yiibai9.TestApi2" time="0.290" errors="0" timestamp="17 Dec 2020 06:30:39 GMT" skipped="0">
  <testcase classname="com.yiibai9.TestApi2" name="main" time="0.290"/>
</testsuite> <!-- com.yiibai9.TestApi2 -->
