<?xml version="1.0" encoding="UTF-8"?>
<!-- Generated by org.testng.reporters.JUnitReportReporter -->
<testsuite hostname="yuzgdeMacBook-Pro.local" failures="0" tests="2" name="com.yiibai7.App" time="0.007" errors="0" timestamp="17 Dec 2020 06:04:02 GMT" skipped="0">
  <testcase classname="com.yiibai7.App" name="method1" time="0.007"/>
  <testcase classname="com.yiibai7.App" name="method2" time="0.000"/>
</testsuite> <!-- com.yiibai7.App -->
