<?xml version="1.0" encoding="UTF-8"?>
<!-- Generated by org.testng.reporters.JUnitReportReporter -->
<testsuite hostname="yuzgdeMacBook-Pro.local" failures="0" tests="1" name="com.yiibai8.TestParameterXML" time="0.007" errors="0" timestamp="17 Oct 2020 08:48:39 GMT">
  <testcase classname="com.yiibai8.TestParameterXML" name="createConnection" time="0.007"/>
</testsuite> <!-- com.yiibai8.TestParameterXML -->
