<?xml version="1.0" encoding="UTF-8"?>
<!-- Generated by org.testng.reporters.JUnitReportReporter -->
<testsuite hostname="yuzgdeMacBook-Pro.local" failures="0" tests="4" name="com.yiibai.TestDBConnection" time="0.006" errors="0" timestamp="7 Dec 2020 02:05:47 GMT">
  <testcase classname="com.yiibai.TestDBConnection" name="runOtherTest2" time="0.001"/>
  <testcase classname="com.yiibai.TestDBConnection" name="runOtherTest2" time="0.001"/>
  <testcase classname="com.yiibai.TestDBConnection" name="runOtherTest1" time="0.004"/>
  <testcase classname="com.yiibai.TestDBConnection" name="runOtherTest1" time="0.000"/>
</testsuite> <!-- com.yiibai.TestDBConnection -->
