<?xml version="1.0" encoding="UTF-8"?>
<!-- Generated by org.testng.reporters.JUnitReportReporter -->
<testsuite hostname="yuzgdeMacBook-Pro.local" failures="0" tests="1" name="com.yiibai.TestHelloWorld" time="0.008" errors="0" timestamp="17 Dec 2020 05:39:42 GMT" skipped="0">
  <testcase classname="com.yiibai.TestHelloWorld" name="testEmailGenerator" time="0.008"/>
</testsuite> <!-- com.yiibai.TestHelloWorld -->
