<?xml version="1.0" encoding="UTF-8"?>
<!-- Generated by org.testng.reporters.JUnitReportReporter -->
<testsuite hostname="yuzgdeMacBook-Pro.local" failures="0" tests="2" name="com.yiibai3.TestIgnore" time="0.010" errors="0" timestamp="7 Dec 2020 06:59:13 GMT">
  <testcase classname="com.yiibai3.TestIgnore" name="test1" time="0.009"/>
  <testcase classname="com.yiibai3.TestIgnore" name="test2" time="0.001"/>
</testsuite> <!-- com.yiibai3.TestIgnore -->
