<?xml version="1.0" encoding="UTF-8"?>
<!-- Generated by org.testng.reporters.JUnitReportReporter -->
<testsuite hostname="yuzgdeMacBook-Pro.local" failures="0" tests="2" name="com.yiibai3.TestIgnore" time="0.009" errors="0" timestamp="17 Oct 2020 06:52:50 GMT">
  <testcase classname="com.yiibai3.TestIgnore" name="test2" time="0.000"/>
  <testcase classname="com.yiibai3.TestIgnore" name="test1" time="0.009"/>
</testsuite> <!-- com.yiibai3.TestIgnore -->
