<?xml version="1.0" encoding="UTF-8"?>
<!-- Generated by org.testng.reporters.JUnitReportReporter -->
<testsuite hostname="yuzgdeMacBook-Pro.local" failures="0" tests="5" name="com.yiibai5.TestGroup" time="0.010" errors="0" timestamp="17 Dec 2020 05:57:21 GMT" skipped="0">
  <testcase classname="com.yiibai5.TestGroup" name="testConnectMsSQL" time="0.001"/>
  <testcase classname="com.yiibai5.TestGroup" name="runSelenium" time="0.006"/>
  <testcase classname="com.yiibai5.TestGroup" name="runSelenium1" time="0.001"/>
  <testcase classname="com.yiibai5.TestGroup" name="runFinal" time="0.001"/>
  <testcase classname="com.yiibai5.TestGroup" name="testConnectOracle" time="0.001"/>
</testsuite> <!-- com.yiibai5.TestGroup -->
