<?xml version="1.0" encoding="UTF-8"?>
<!-- Generated by org.testng.reporters.JUnitReportReporter -->
<testsuite hostname="yuzgdeMacBook-Pro.local" failures="0" tests="3" name="com.yiibai81.TestParameterDataProvider" time="0.009" errors="0" timestamp="17 Dec 2020 06:20:47 GMT" skipped="0">
  <testcase classname="com.yiibai81.TestParameterDataProvider" name="test" time="0.007"/>
  <testcase classname="com.yiibai81.TestParameterDataProvider" name="test" time="0.001"/>
  <testcase classname="com.yiibai81.TestParameterDataProvider" name="test" time="0.001"/>
</testsuite> <!-- com.yiibai81.TestParameterDataProvider -->
