<?xml version="1.0" encoding="UTF-8"?>
<!-- Generated by org.testng.reporters.JUnitReportReporter -->
<testsuite hostname="yuzgdeMacBook-Pro.local" failures="0" tests="1" name="com.yiibai8.TestParameterXML" time="0.385" errors="0" timestamp="7 Dec 2020 03:49:00 GMT">
  <testcase classname="com.yiibai8.TestParameterXML" name="createConnection" time="0.385"/>
</testsuite> <!-- com.yiibai8.TestParameterXML -->
