<?xml version="1.0" encoding="UTF-8"?>
<!-- Generated by org.testng.reporters.JUnitReportReporter -->
<testsuite hostname="yuzgdeMacBook-Pro.local" failures="0" tests="5" name="com.yiibai5.TestGroup" time="0.010" errors="0" timestamp="17 Oct 2020 07:59:54 GMT">
  <testcase classname="com.yiibai5.TestGroup" name="runSelenium1" time="0.001"/>
  <testcase classname="com.yiibai5.TestGroup" name="testConnectMsSQL" time="0.001"/>
  <testcase classname="com.yiibai5.TestGroup" name="testConnectOracle" time="0.000"/>
  <testcase classname="com.yiibai5.TestGroup" name="runSelenium" time="0.007"/>
  <testcase classname="com.yiibai5.TestGroup" name="runFinal" time="0.001"/>
</testsuite> <!-- com.yiibai5.TestGroup -->
