<?xml version="1.0" encoding="UTF-8"?>
<!-- Generated by org.testng.reporters.JUnitReportReporter -->
<testsuite hostname="yuzgdeMacBook-Pro.local" failures="0" tests="2" name="com.yiibai5.TestSelenium" time="0.008" errors="0" timestamp="7 Dec 2020 03:07:21 GMT">
  <testcase classname="com.yiibai5.TestSelenium" name="runSelenium1" time="0.001"/>
  <testcase classname="com.yiibai5.TestSelenium" name="runSelenium" time="0.007"/>
</testsuite> <!-- com.yiibai5.TestSelenium -->
