<?xml version="1.0" encoding="UTF-8"?>
<!-- Generated by org.testng.reporters.JUnitReportReporter -->
<testsuite hostname="yuzgdeMacBook-Pro.local" failures="0" tests="2" name="com.yiibai7.TestApp" time="0.002" errors="0" timestamp="17 Oct 2020 08:26:31 GMT">
  <testcase classname="com.yiibai7.TestApp" name="method2" time="0.001"/>
  <testcase classname="com.yiibai7.TestApp" name="method1" time="0.001"/>
</testsuite> <!-- com.yiibai7.TestApp -->
