<?xml version="1.0" encoding="UTF-8"?>
<!-- Generated by org.testng.reporters.JUnitReportReporter -->
<testsuite hostname="yuzgdeMacBook-Pro.local" failures="0" tests="1" name="com.yiibai9.TestApi2" time="0.161" errors="0" timestamp="9 Dec 2020 06:55:18 GMT" skipped="0">
  <testcase classname="com.yiibai9.TestApi2" name="main" time="0.161"/>
</testsuite> <!-- com.yiibai9.TestApi2 -->
