<?xml version="1.0" encoding="UTF-8"?>
<!-- Generated by org.testng.reporters.JUnitReportReporter -->
<testsuite hostname="yuzgdeMacBook-Pro.local" failures="0" tests="4" name="com.yiibai6.TestOrder" time="0.010" errors="0" timestamp="17 Dec 2020 06:00:25 GMT" skipped="0">
  <testcase classname="com.yiibai6.TestOrder" name="testMakeEmptyOrder" time="0.001"/>
  <testcase classname="com.yiibai6.TestOrder" name="testFindOrder" time="0.007"/>
  <testcase classname="com.yiibai6.TestOrder" name="testUpdateOrder" time="0.001"/>
  <testcase classname="com.yiibai6.TestOrder" name="testMakeOrder" time="0.001"/>
</testsuite> <!-- com.yiibai6.TestOrder -->
