<?xml version="1.0" encoding="UTF-8"?>
<!-- Generated by org.testng.reporters.JUnitReportReporter -->
<testsuite hostname="yuzgdeMacBook-Pro.local" failures="0" tests="4" name="com.yiibai5.TestSelenium" time="0.011" errors="0" timestamp="17 Oct 2020 07:43:52 GMT">
  <testcase classname="com.yiibai5.TestSelenium" name="runSelenium1" time="0.008"/>
  <testcase classname="com.yiibai5.TestSelenium" name="runSelenium" time="0.001"/>
  <testcase classname="com.yiibai5.TestSelenium" name="runSelenium1" time="0.001"/>
  <testcase classname="com.yiibai5.TestSelenium" name="runSelenium" time="0.001"/>
</testsuite> <!-- com.yiibai5.TestSelenium -->
