<?xml version="1.0" encoding="UTF-8"?>
<!-- Generated by org.testng.reporters.JUnitReportReporter -->
<testsuite hostname="yuzgdeMacBook-Pro.local" failures="0" tests="1" name="com.yiibai2.TestRuntime" time="0.008" errors="0" timestamp="17 Oct 2020 06:34:45 GMT">
  <testcase classname="com.yiibai2.TestRuntime" name="divisionWithException" time="0.008"/>
</testsuite> <!-- com.yiibai2.TestRuntime -->
