<?xml version="1.0" encoding="UTF-8"?>
<!-- Generated by org.testng.reporters.JUnitReportReporter -->
<testsuite hostname="yuzgdeMacBook-Pro.local" failures="0" tests="4" name="com.yiibai81.TestParameterDataProvider3" time="0.010" errors="0" timestamp="7 Dec 2020 06:13:41 GMT">
  <testcase classname="com.yiibai81.TestParameterDataProvider3" name="test1" time="0.008"/>
  <testcase classname="com.yiibai81.TestParameterDataProvider3" name="test2" time="0.001"/>
  <testcase classname="com.yiibai81.TestParameterDataProvider3" name="test2" time="0.000"/>
  <testcase classname="com.yiibai81.TestParameterDataProvider3" name="test1" time="0.001"/>
</testsuite> <!-- com.yiibai81.TestParameterDataProvider3 -->
