<?xml version="1.0" encoding="UTF-8"?>
<!-- Generated by org.testng.reporters.JUnitReportReporter -->
<testsuite hostname="yuzgdeMacBook-Pro.local" failures="0" tests="2" name="com.yiibai.TestDBConnection" time="0.007" errors="0" timestamp="17 Dec 2020 05:37:39 GMT" skipped="0">
  <testcase classname="com.yiibai.TestDBConnection" name="runOtherTest1" time="0.006"/>
  <testcase classname="com.yiibai.TestDBConnection" name="runOtherTest2" time="0.001"/>
</testsuite> <!-- com.yiibai.TestDBConnection -->
