<?xml version="1.0" encoding="UTF-8"?>
<!-- Generated by org.testng.reporters.JUnitReportReporter -->
<testsuite hostname="yuzgdeMacBook-Pro.local" failures="0" tests="2" name="com.yiibai5.TestSelenium" time="0.008" errors="0" timestamp="17 Dec 2020 05:56:32 GMT" skipped="0">
  <testcase classname="com.yiibai5.TestSelenium" name="runSelenium" time="0.007"/>
  <testcase classname="com.yiibai5.TestSelenium" name="runSelenium1" time="0.001"/>
</testsuite> <!-- com.yiibai5.TestSelenium -->
