<?xml version="1.0" encoding="UTF-8"?>
<!-- Generated by org.testng.reporters.JUnitReportReporter -->
<testsuite hostname="yuzgdeMacBook-Pro.local" failures="0" tests="3" name="com.yiibai81.TestParameterDataProvider" time="0.011" errors="0" timestamp="7 Dec 2020 03:50:49 GMT">
  <testcase classname="com.yiibai81.TestParameterDataProvider" name="test" time="0.001"/>
  <testcase classname="com.yiibai81.TestParameterDataProvider" name="test" time="0.009"/>
  <testcase classname="com.yiibai81.TestParameterDataProvider" name="test" time="0.001"/>
</testsuite> <!-- com.yiibai81.TestParameterDataProvider -->
